<?xml version="1.0" encoding="UTF-8"?>
<!-- Generated by org.testng.reporters.JUnitXMLReporter -->
<testsuite ignored="0" hostname="NDI-LAP-109" failures="0" tests="3" name="Default test" time="89.29" errors="0" timestamp="2022-01-21T01:29:44 IST">
  <testcase classname="ExecuteTestCase.Assignment" name="first" time="7.379"/>
  <testcase classname="ExecuteTestCase.Assignment" name="second" time="18.523"/>
  <testcase classname="ExecuteTestCase.Assignment" name="third" time="48.727"/>
</testsuite> <!-- Default test -->
